<?xml version="1.0" encoding="UTF-8"?>
<testsuite xmlns:xsi="http://www.w3.org/2001/XMLSchema-instance" xsi:noNamespaceSchemaLocation="https://maven.apache.org/surefire/maven-surefire-plugin/xsd/surefire-test-report-3.0.xsd" version="3.0" name="com.udacity.catpoint.security.service.SecurityServiceTest" time="0.956" tests="18" errors="0" skipped="0" failures="0">
  <properties>
[...]
</properties>
  <testcase name="changeAlarmState_alarmActiveAndSensorStateChanges_stateNotAffected(boolean)[1]" classname="com.udacity.catpoint.security.service.SecurityServiceTest" time="0.571"/>
  <testcase name="changeAlarmState_alarmActiveAndSensorStateChanges_stateNotAffected(boolean)[2]" classname="com.udacity.catpoint.security.service.SecurityServiceTest" time="0.006"/>
  <testcase name="changeAlarmState_sensorDeactivateWhileInactive_noChangeToAlarmState(AlarmStatus)[1]" classname="com.udacity.catpoint.security.service.SecurityServiceTest" time="0.003"/>
  <testcase name="changeAlarmState_sensorDeactivateWhileInactive_noChangeToAlarmState(AlarmStatus)[2]" classname="com.udacity.catpoint.security.service.SecurityServiceTest" time="0.002"/>
  <testcase name="changeAlarmState_sensorDeactivateWhileInactive_noChangeToAlarmState(AlarmStatus)[3]" classname="com.udacity.catpoint.security.service.SecurityServiceTest" time="0.002"/>
  <testcase name="updateSensors_systemArmed_deactivateAllSensors(ArmingStatus)[1]" classname="com.udacity.catpoint.security.service.SecurityServiceTest" time="0.016"/>
  <testcase name="updateSensors_systemArmed_deactivateAllSensors(ArmingStatus)[2]" classname="com.udacity.catpoint.security.service.SecurityServiceTest" time="0.005"/>
  <testcase name="changeAlarmStatus_alarmArmedAndSensorActivated_alarmStatusPending(ArmingStatus)[1]" classname="com.udacity.catpoint.security.service.SecurityServiceTest" time="0.002"/>
  <testcase name="changeAlarmStatus_alarmArmedAndSensorActivated_alarmStatusPending(ArmingStatus)[2]" classname="com.udacity.catpoint.security.service.SecurityServiceTest" time="0.003"/>
  <testcase name="changeAlarmState_sensorActivatedWhileAlreadyActiveAndAlarmPending_changeToAlarmState" classname="com.udacity.catpoint.security.service.SecurityServiceTest" time="0.002"/>
  <testcase name="changeAlarmStatus_alarmAlreadyAlarmAndSystemDisarmed_alarmStatusPending" classname="com.udacity.catpoint.security.service.SecurityServiceTest" time="0.001"/>
  <testcase name="changeAlarmStatus_systemArmedHomeAndCatDetected_changeToAlarmStatus" classname="com.udacity.catpoint.security.service.SecurityServiceTest" time="0.229"/>
  <testcase name="changeAlarmStatus_alarmPendingAndAllSensorInactive_changeToNoAlarm" classname="com.udacity.catpoint.security.service.SecurityServiceTest" time="0.003"/>
  <testcase name="changeAlarmState_imageContainingCatDetectedAndSystemArmed_changeToAlarmStatus" classname="com.udacity.catpoint.security.service.SecurityServiceTest" time="0.002"/>
  <testcase name="changeAlarmStatus_systemDisArmed_changeToAlarmStatus" classname="com.udacity.catpoint.security.service.SecurityServiceTest" time="0.001"/>
  <testcase name="changeAlarmState_noCatImageIdentifiedAndSensorsAreInactive_changeToAlarmStatus" classname="com.udacity.catpoint.security.service.SecurityServiceTest" time="0.003"/>
  <testcase name="changeAlarmStatus_alarmAlreadyPendingAndSensorActive_alarmStatusAlarm(ArmingStatus)[1]" classname="com.udacity.catpoint.security.service.SecurityServiceTest" time="0.002"/>
  <testcase name="changeAlarmStatus_alarmAlreadyPendingAndSensorActive_alarmStatusAlarm(ArmingStatus)[2]" classname="com.udacity.catpoint.security.service.SecurityServiceTest" time="0.002"/>
</testsuite>